2025-03-20 11:26:54,257 - INFO - Début du round 0
2025-03-20 11:26:54,257 - INFO - Hawkeye attaque Legolas
2025-03-20 11:26:54,257 - INFO - Tour de Hawkeye contre Legolas
2025-03-20 11:26:54,258 - INFO - Modificateur de classe: 1.0
2025-03-20 11:26:54,258 - INFO - Legolas attaque Merlin
2025-03-20 11:26:54,258 - INFO - Tour de Legolas contre Merlin
2025-03-20 11:26:54,258 - INFO - Modificateur de classe: 1.2
2025-03-20 11:26:54,259 - INFO - Geralt attaque Legolas
2025-03-20 11:26:54,259 - INFO - Tour de Geralt contre Legolas
2025-03-20 11:26:54,259 - INFO - Modificateur de classe: 1.0
2025-03-20 11:26:54,259 - INFO - Aragorn attaque Hawkeye
2025-03-20 11:26:54,259 - INFO - Tour de Aragorn contre Hawkeye
2025-03-20 11:26:54,259 - INFO - Modificateur de classe: 1.2
2025-03-20 11:26:54,261 - INFO - Gandalf attaque Hawkeye
2025-03-20 11:26:54,261 - INFO - Tour de Gandalf contre Hawkeye
2025-03-20 11:26:54,261 - INFO - Modificateur de classe: 0.8
2025-03-20 11:26:54,262 - INFO - Merlin attaque Aragorn
2025-03-20 11:26:54,262 - INFO - Tour de Merlin contre Aragorn
2025-03-20 11:26:54,262 - INFO - Modificateur de classe: 1.2
2025-03-20 11:26:54,263 - INFO - Début du round 0
2025-03-20 11:26:54,263 - INFO - Hawkeye attaque Legolas
2025-03-20 11:26:54,263 - INFO - Tour de Hawkeye contre Legolas
2025-03-20 11:26:54,263 - INFO - Modificateur de classe: 1.0
2025-03-20 11:26:54,264 - INFO - Legolas attaque Hawkeye
2025-03-20 11:26:54,264 - INFO - Tour de Legolas contre Hawkeye
2025-03-20 11:26:54,264 - INFO - Modificateur de classe: 1.0
2025-03-20 11:26:54,267 - INFO - Geralt attaque Gandalf
2025-03-20 11:26:54,267 - INFO - Tour de Geralt contre Gandalf
2025-03-20 11:26:54,268 - INFO - Modificateur de classe: 1.0
2025-03-20 11:26:54,268 - INFO - Aragorn attaque Merlin
2025-03-20 11:26:54,268 - INFO - Tour de Aragorn contre Merlin
2025-03-20 11:26:54,268 - INFO - Modificateur de classe: 0.8
2025-03-20 11:26:54,268 - INFO - Gandalf attaque Geralt
2025-03-20 11:26:54,268 - INFO - Tour de Gandalf contre Geralt
2025-03-20 11:26:54,268 - INFO - Modificateur de classe: 1.0
2025-03-20 11:26:54,269 - INFO - Merlin attaque Gandalf
2025-03-20 11:26:54,269 - INFO - Tour de Merlin contre Gandalf
2025-03-20 11:26:54,269 - INFO - Modificateur de classe: 1.0
2025-03-20 11:26:54,269 - INFO - Début du round 0
2025-03-20 11:26:54,269 - INFO - Hawkeye attaque Legolas
2025-03-20 11:26:54,269 - INFO - Tour de Hawkeye contre Legolas
2025-03-20 11:26:54,269 - INFO - Modificateur de classe: 1.0
2025-03-20 11:26:55,481 - INFO - Legolas attaque Merlin
2025-03-20 11:26:55,481 - INFO - Tour de Legolas contre Merlin
2025-03-20 11:26:55,481 - INFO - Modificateur de classe: 1.2
2025-03-20 11:26:55,481 - INFO - Geralt attaque Gandalf
2025-03-20 11:26:55,481 - INFO - Tour de Geralt contre Gandalf
2025-03-20 11:26:55,481 - INFO - Modificateur de classe: 1.0
2025-03-20 11:26:55,481 - INFO - Aragorn attaque Geralt
2025-03-20 11:26:55,481 - INFO - Tour de Aragorn contre Geralt
2025-03-20 11:26:55,481 - INFO - Modificateur de classe: 1.0
2025-03-20 11:26:55,481 - INFO - Gandalf attaque Hawkeye
2025-03-20 11:26:55,481 - INFO - Tour de Gandalf contre Hawkeye
2025-03-20 11:26:55,481 - INFO - Modificateur de classe: 0.8
2025-03-20 11:26:55,481 - INFO - Merlin attaque Gandalf
2025-03-20 11:26:55,481 - INFO - Tour de Merlin contre Gandalf
2025-03-20 11:26:55,481 - INFO - Modificateur de classe: 1.0
2025-03-20 11:26:55,481 - INFO - Début du round 0
2025-03-20 11:26:55,481 - INFO - Hawkeye attaque Aragorn
2025-03-20 11:26:55,481 - INFO - Tour de Hawkeye contre Aragorn
2025-03-20 11:26:55,481 - INFO - Modificateur de classe: 0.8
2025-03-20 11:26:55,481 - INFO - Legolas attaque Hawkeye
2025-03-20 11:26:55,481 - INFO - Tour de Legolas contre Hawkeye
2025-03-20 11:26:55,481 - INFO - Modificateur de classe: 1.0
2025-03-20 11:26:56,699 - INFO - Geralt attaque Gandalf
2025-03-20 11:26:56,699 - INFO - Tour de Geralt contre Gandalf
2025-03-20 11:26:56,699 - INFO - Modificateur de classe: 1.0
2025-03-20 11:26:56,699 - INFO - Aragorn attaque Merlin
2025-03-20 11:26:56,699 - INFO - Tour de Aragorn contre Merlin
2025-03-20 11:26:56,699 - INFO - Modificateur de classe: 0.8
2025-03-20 11:26:58,316 - INFO - Gandalf attaque Geralt
2025-03-20 11:26:58,316 - INFO - Tour de Gandalf contre Geralt
2025-03-20 11:26:58,316 - INFO - Modificateur de classe: 1.0
2025-03-20 11:26:58,316 - INFO - Merlin attaque Aragorn
2025-03-20 11:26:58,316 - INFO - Tour de Merlin contre Aragorn
2025-03-20 11:26:58,316 - INFO - Modificateur de classe: 1.2
2025-03-20 11:26:59,331 - INFO - Début du round 0
2025-03-20 11:26:59,331 - INFO - Legolas attaque Merlin
2025-03-20 11:26:59,331 - INFO - Tour de Legolas contre Merlin
2025-03-20 11:26:59,331 - INFO - Modificateur de classe: 1.2
2025-03-20 11:26:59,332 - INFO - Geralt attaque Legolas
2025-03-20 11:26:59,332 - INFO - Tour de Geralt contre Legolas
2025-03-20 11:26:59,332 - INFO - Modificateur de classe: 1.0
2025-03-20 11:26:59,333 - INFO - Aragorn attaque Merlin
2025-03-20 11:26:59,333 - INFO - Tour de Aragorn contre Merlin
2025-03-20 11:26:59,333 - INFO - Modificateur de classe: 0.8
2025-03-20 11:26:59,333 - INFO - Gandalf attaque Merlin
2025-03-20 11:26:59,334 - INFO - Tour de Gandalf contre Merlin
2025-03-20 11:26:59,334 - INFO - Modificateur de classe: 1.0
2025-03-20 11:27:00,344 - INFO - Merlin attaque Legolas
2025-03-20 11:27:00,344 - INFO - Tour de Merlin contre Legolas
2025-03-20 11:27:00,344 - INFO - Modificateur de classe: 0.8
2025-03-20 11:27:00,346 - INFO - Début du round 0
2025-03-20 11:27:00,346 - INFO - Geralt attaque Aragorn
2025-03-20 11:27:00,346 - INFO - Tour de Geralt contre Aragorn
2025-03-20 11:27:00,346 - INFO - Modificateur de classe: 1.0
2025-03-20 11:27:00,346 - INFO - Aragorn attaque Merlin
2025-03-20 11:27:00,347 - INFO - Tour de Aragorn contre Merlin
2025-03-20 11:27:00,347 - INFO - Modificateur de classe: 0.8
2025-03-20 11:27:01,964 - INFO - Gandalf attaque Merlin
2025-03-20 11:27:01,964 - INFO - Tour de Gandalf contre Merlin
2025-03-20 11:27:01,964 - INFO - Modificateur de classe: 1.0
2025-03-20 11:27:01,965 - INFO - Merlin attaque Gandalf
2025-03-20 11:27:01,965 - INFO - Tour de Merlin contre Gandalf
2025-03-20 11:27:01,965 - INFO - Modificateur de classe: 1.0
2025-03-20 11:27:01,965 - INFO - Début du round 0
2025-03-20 11:27:01,965 - INFO - Geralt attaque Gandalf
2025-03-20 11:27:01,966 - INFO - Tour de Geralt contre Gandalf
2025-03-20 11:27:01,966 - INFO - Modificateur de classe: 1.0
2025-03-20 11:27:01,966 - INFO - Aragorn attaque Geralt
2025-03-20 11:27:01,966 - INFO - Tour de Aragorn contre Geralt
2025-03-20 11:27:01,966 - INFO - Modificateur de classe: 1.0
2025-03-20 11:27:01,966 - INFO - Gandalf attaque Geralt
2025-03-20 11:27:01,966 - INFO - Tour de Gandalf contre Geralt
2025-03-20 11:27:01,966 - INFO - Modificateur de classe: 1.0
2025-03-20 11:27:01,967 - INFO - Merlin attaque Aragorn
2025-03-20 11:27:01,967 - INFO - Tour de Merlin contre Aragorn
2025-03-20 11:27:01,967 - INFO - Modificateur de classe: 1.2
2025-03-20 11:27:01,968 - INFO - Début du round 0
2025-03-20 11:27:01,968 - INFO - Geralt attaque Gandalf
2025-03-20 11:27:01,968 - INFO - Tour de Geralt contre Gandalf
2025-03-20 11:27:01,968 - INFO - Modificateur de classe: 1.0
2025-03-20 11:27:01,968 - INFO - Aragorn attaque Geralt
2025-03-20 11:27:01,968 - INFO - Tour de Aragorn contre Geralt
2025-03-20 11:27:01,969 - INFO - Modificateur de classe: 1.0
2025-03-20 11:27:01,969 - INFO - Gandalf attaque Geralt
2025-03-20 11:27:01,969 - INFO - Tour de Gandalf contre Geralt
2025-03-20 11:27:01,969 - INFO - Modificateur de classe: 1.0
2025-03-20 11:27:01,969 - INFO - Merlin attaque Gandalf
2025-03-20 11:27:01,969 - INFO - Tour de Merlin contre Gandalf
2025-03-20 11:27:01,969 - INFO - Modificateur de classe: 1.0
2025-03-20 11:27:03,181 - INFO - Début du round 0
2025-03-20 11:27:03,181 - INFO - Geralt attaque Gandalf
2025-03-20 11:27:03,181 - INFO - Tour de Geralt contre Gandalf
2025-03-20 11:27:03,181 - INFO - Modificateur de classe: 1.0
2025-03-20 11:27:03,182 - INFO - Aragorn attaque Geralt
2025-03-20 11:27:03,182 - INFO - Tour de Aragorn contre Geralt
2025-03-20 11:27:03,182 - INFO - Modificateur de classe: 1.0
2025-03-20 11:27:03,183 - INFO - Gandalf attaque Geralt
2025-03-20 11:27:03,183 - INFO - Tour de Gandalf contre Geralt
2025-03-20 11:27:03,183 - INFO - Modificateur de classe: 1.0
2025-03-20 11:27:04,194 - INFO - Merlin attaque Gandalf
2025-03-20 11:27:04,194 - INFO - Tour de Merlin contre Gandalf
2025-03-20 11:27:04,194 - INFO - Modificateur de classe: 1.0
2025-03-20 11:27:04,194 - INFO - Début du round 0
2025-03-20 11:27:04,195 - INFO - Geralt attaque Gandalf
2025-03-20 11:27:04,195 - INFO - Tour de Geralt contre Gandalf
2025-03-20 11:27:04,195 - INFO - Modificateur de classe: 1.0
2025-03-20 11:27:04,196 - INFO - Aragorn attaque Merlin
2025-03-20 11:27:04,196 - INFO - Tour de Aragorn contre Merlin
2025-03-20 11:27:04,196 - INFO - Modificateur de classe: 0.8
2025-03-20 11:27:05,812 - INFO - Gandalf attaque Geralt
2025-03-20 11:27:05,812 - INFO - Tour de Gandalf contre Geralt
2025-03-20 11:27:05,812 - INFO - Modificateur de classe: 1.0
2025-03-20 11:27:05,813 - INFO - Merlin attaque Aragorn
2025-03-20 11:27:05,813 - INFO - Tour de Merlin contre Aragorn
2025-03-20 11:27:05,813 - INFO - Modificateur de classe: 1.2
2025-03-20 11:27:06,825 - INFO - Début du round 0
2025-03-20 11:27:06,825 - INFO - Geralt attaque Gandalf
2025-03-20 11:27:06,825 - INFO - Tour de Geralt contre Gandalf
2025-03-20 11:27:06,826 - INFO - Modificateur de classe: 1.0
2025-03-20 11:27:06,826 - INFO - Aragorn attaque Merlin
2025-03-20 11:27:06,826 - INFO - Tour de Aragorn contre Merlin
2025-03-20 11:27:06,826 - INFO - Modificateur de classe: 0.8
2025-03-20 11:27:08,443 - INFO - Merlin attaque Aragorn
2025-03-20 11:27:08,443 - INFO - Tour de Merlin contre Aragorn
2025-03-20 11:27:08,443 - INFO - Modificateur de classe: 1.2
2025-03-20 11:27:08,444 - INFO - Début du round 0
2025-03-20 11:27:08,444 - INFO - Geralt attaque Aragorn
2025-03-20 11:27:08,444 - INFO - Tour de Geralt contre Aragorn
2025-03-20 11:27:08,444 - INFO - Modificateur de classe: 1.0
2025-03-20 11:27:08,444 - INFO - Aragorn attaque Geralt
2025-03-20 11:27:08,444 - INFO - Tour de Aragorn contre Geralt
2025-03-20 11:27:08,444 - INFO - Modificateur de classe: 1.0
2025-03-20 11:27:08,444 - INFO - Merlin attaque Aragorn
2025-03-20 11:27:08,444 - INFO - Tour de Merlin contre Aragorn
2025-03-20 11:27:08,444 - INFO - Modificateur de classe: 1.2
2025-03-20 11:27:08,446 - INFO - Début du round 0
2025-03-20 11:27:08,446 - INFO - Geralt attaque Aragorn
2025-03-20 11:27:08,446 - INFO - Tour de Geralt contre Aragorn
2025-03-20 11:27:08,446 - INFO - Modificateur de classe: 1.0
2025-03-20 11:27:08,446 - INFO - Aragorn attaque Geralt
2025-03-20 11:27:08,447 - INFO - Tour de Aragorn contre Geralt
2025-03-20 11:27:08,447 - INFO - Modificateur de classe: 1.0
2025-03-20 11:27:08,447 - INFO - Merlin attaque Aragorn
2025-03-20 11:27:08,447 - INFO - Tour de Merlin contre Aragorn
2025-03-20 11:27:08,447 - INFO - Modificateur de classe: 1.2
2025-03-20 11:27:08,449 - INFO - Début du round 0
2025-03-20 11:27:08,449 - INFO - Aragorn attaque Merlin
2025-03-20 11:27:08,449 - INFO - Tour de Aragorn contre Merlin
2025-03-20 11:27:08,449 - INFO - Modificateur de classe: 0.8
2025-03-20 11:33:05,534 - INFO - Début du round 0
2025-03-20 11:33:05,535 - INFO - Hawkeye attaque Aragorn
2025-03-20 11:33:08,754 - INFO - Legolas attaque Geralt
2025-03-20 11:33:10,762 - INFO - Geralt attaque Aragorn
2025-03-20 11:33:12,770 - INFO - Aragorn attaque Hawkeye
2025-03-20 11:33:16,393 - INFO - Gandalf attaque Merlin
2025-03-20 11:33:19,410 - INFO - Merlin attaque Aragorn
2025-03-20 11:33:22,632 - INFO - Début du round 0
2025-03-20 11:33:22,632 - INFO - Hawkeye attaque Aragorn
2025-03-20 11:33:24,639 - INFO - Legolas attaque Geralt
2025-03-20 11:33:26,646 - INFO - Geralt attaque Gandalf
2025-03-20 11:33:28,655 - INFO - Aragorn attaque Merlin
2025-03-20 11:33:30,663 - INFO - Gandalf attaque Geralt
2025-03-20 11:33:32,671 - INFO - Merlin attaque Aragorn
2025-03-20 11:33:35,689 - INFO - Début du round 0
2025-03-20 11:33:35,689 - INFO - Hawkeye attaque Aragorn
2025-03-20 11:33:37,697 - INFO - Legolas attaque Hawkeye
2025-03-20 11:33:40,915 - INFO - Geralt attaque Aragorn
2025-03-20 11:33:42,921 - INFO - Aragorn attaque Merlin
2025-03-20 11:33:46,547 - INFO - Gandalf attaque Geralt
2025-03-20 11:33:48,552 - INFO - Merlin attaque Gandalf
2025-03-20 11:33:50,559 - INFO - Début du round 0
2025-03-20 11:33:50,559 - INFO - Hawkeye attaque Legolas
2025-03-20 11:33:52,566 - INFO - Legolas attaque Merlin
2025-03-20 11:33:54,574 - INFO - Geralt attaque Gandalf
2025-03-20 11:33:56,581 - INFO - Aragorn attaque Hawkeye
2025-03-20 11:33:58,589 - INFO - Gandalf attaque Merlin
2025-03-20 11:34:01,807 - INFO - Merlin attaque Legolas
2025-03-20 11:34:03,814 - INFO - Début du round 0
2025-03-20 11:34:03,814 - INFO - Hawkeye attaque Aragorn
2025-03-20 11:34:05,820 - INFO - Legolas attaque Geralt
2025-03-20 11:34:07,827 - INFO - Geralt attaque Legolas
2025-03-20 11:34:09,834 - INFO - Aragorn attaque Geralt
2025-03-20 11:34:11,843 - INFO - Gandalf attaque Merlin
2025-03-20 11:34:13,851 - INFO - Merlin attaque Aragorn
2025-03-20 11:34:15,858 - INFO - Début du round 0
2025-03-20 11:34:15,858 - INFO - Hawkeye attaque Gandalf
2025-03-20 11:34:17,865 - INFO - Legolas attaque Merlin
2025-03-20 11:34:19,873 - INFO - Geralt attaque Gandalf
2025-03-20 11:34:21,879 - INFO - Aragorn attaque Geralt
2025-03-20 11:34:23,883 - INFO - Gandalf attaque Geralt
2025-03-20 11:34:25,890 - INFO - Merlin attaque Legolas
2025-03-20 11:34:27,898 - INFO - Début du round 0
2025-03-20 11:34:27,898 - INFO - Hawkeye attaque Legolas
2025-03-20 11:34:29,905 - INFO - Legolas attaque Geralt
2025-03-20 11:34:33,125 - INFO - Geralt attaque Gandalf
2025-03-20 11:34:35,133 - INFO - Aragorn attaque Hawkeye
2025-03-20 11:34:37,138 - INFO - Gandalf attaque Merlin
2025-03-20 11:34:39,146 - INFO - Merlin attaque Aragorn
2025-03-20 11:34:41,153 - INFO - Début du round 0
2025-03-20 11:34:41,153 - INFO - Hawkeye attaque Gandalf
2025-03-20 11:34:43,162 - INFO - Legolas attaque Hawkeye
2025-03-20 11:34:45,169 - INFO - Geralt attaque Aragorn
2025-03-20 11:34:47,178 - INFO - Aragorn attaque Geralt
2025-03-20 11:34:49,186 - INFO - Gandalf attaque Merlin
2025-03-20 11:34:51,194 - INFO - Merlin attaque Legolas
2025-03-20 11:34:53,199 - INFO - Début du round 0
2025-03-20 11:34:53,199 - INFO - Hawkeye attaque Legolas
2025-03-20 11:34:55,206 - INFO - Legolas attaque Merlin
2025-03-20 11:34:57,215 - INFO - Geralt attaque Aragorn
2025-03-20 11:34:59,223 - INFO - Aragorn attaque Hawkeye
2025-03-20 11:35:01,231 - INFO - Gandalf attaque Merlin
2025-03-20 11:35:03,239 - INFO - Merlin attaque Gandalf
2025-03-20 11:35:05,246 - INFO - Début du round 0
2025-03-20 11:35:05,246 - INFO - Legolas attaque Geralt
2025-03-20 11:35:07,259 - INFO - Geralt attaque Gandalf
2025-03-20 11:35:09,268 - INFO - Aragorn attaque Geralt
2025-03-20 11:35:11,277 - INFO - Gandalf attaque Merlin
2025-03-20 11:35:13,284 - INFO - Merlin attaque Gandalf
2025-03-20 11:35:15,292 - INFO - Début du round 0
2025-03-20 11:35:15,292 - INFO - Legolas attaque Merlin
2025-03-20 11:35:17,301 - INFO - Aragorn attaque Merlin
2025-03-20 11:35:19,308 - INFO - Gandalf attaque Merlin
2025-03-20 11:35:21,316 - INFO - Merlin attaque Legolas
2025-03-20 11:35:23,324 - INFO - Début du round 0
2025-03-20 11:35:23,324 - INFO - Legolas attaque Merlin
2025-03-20 11:35:25,333 - INFO - Aragorn attaque Merlin
2025-03-20 11:35:27,342 - INFO - Gandalf attaque Merlin
2025-03-20 11:39:06,163 - INFO - Début du round 0
2025-03-20 11:39:06,164 - INFO - Hawkeye attaque Legolas
2025-03-20 11:39:08,673 - INFO - Legolas attaque Merlin
2025-03-20 11:39:11,183 - INFO - Geralt attaque Gandalf
2025-03-20 11:39:13,691 - INFO - Aragorn attaque Merlin
2025-03-20 11:39:16,203 - INFO - Gandalf attaque Merlin
2025-03-20 11:39:18,713 - INFO - Merlin attaque Legolas
2025-03-20 11:39:21,224 - INFO - Début du round 0
2025-03-20 11:39:21,224 - INFO - Hawkeye attaque Legolas
2025-03-20 11:39:23,733 - INFO - Legolas attaque Merlin
2025-03-20 11:39:26,242 - INFO - Geralt attaque Aragorn
2025-03-20 11:39:28,754 - INFO - Aragorn attaque Merlin
2025-03-20 11:39:31,263 - INFO - Gandalf attaque Hawkeye
2025-03-20 11:39:34,784 - INFO - Merlin attaque Gandalf
2025-03-20 11:39:38,307 - INFO - Début du round 0
2025-03-20 11:39:38,307 - INFO - Hawkeye attaque Gandalf
2025-03-20 11:39:42,030 - INFO - Legolas attaque Hawkeye
2025-03-20 11:39:44,539 - INFO - Geralt attaque Legolas
2025-03-20 11:39:47,050 - INFO - Aragorn attaque Merlin
2025-03-20 11:39:51,175 - INFO - Gandalf attaque Geralt
2025-03-20 11:39:54,895 - INFO - Merlin attaque Gandalf
2025-03-20 11:39:57,405 - INFO - Début du round 0
2025-03-20 11:39:57,405 - INFO - Hawkeye attaque Gandalf
2025-03-20 11:39:59,915 - INFO - Legolas attaque Geralt
2025-03-20 11:40:03,636 - INFO - Geralt attaque Legolas
2025-03-20 11:40:06,147 - INFO - Aragorn attaque Geralt
2025-03-20 11:40:08,657 - INFO - Gandalf attaque Merlin
2025-03-20 11:40:11,168 - INFO - Merlin attaque Aragorn
2025-03-20 11:40:14,892 - INFO - Début du round 0
2025-03-20 11:40:14,892 - INFO - Hawkeye attaque Gandalf
2025-03-20 11:40:17,403 - INFO - Legolas attaque Geralt
2025-03-20 11:40:21,126 - INFO - Geralt attaque Legolas
2025-03-20 11:40:23,637 - INFO - Aragorn attaque Merlin
2025-03-20 11:40:26,146 - INFO - Gandalf attaque Hawkeye
2025-03-20 11:40:28,657 - INFO - Merlin attaque Gandalf
2025-03-20 11:40:31,167 - INFO - Début du round 0
2025-03-20 11:40:31,167 - INFO - Hawkeye attaque Legolas
2025-03-20 11:40:34,889 - INFO - Legolas attaque Hawkeye
2025-03-20 11:40:37,398 - INFO - Geralt attaque Aragorn
2025-03-20 11:40:39,908 - INFO - Aragorn attaque Merlin
2025-03-20 11:40:42,418 - INFO - Gandalf attaque Merlin
2025-03-20 11:40:44,927 - INFO - Merlin attaque Legolas
2025-03-20 11:40:47,439 - INFO - Début du round 0
2025-03-20 11:40:47,439 - INFO - Hawkeye attaque Gandalf
2025-03-20 11:40:49,949 - INFO - Legolas attaque Merlin
2025-03-20 11:40:52,460 - INFO - Geralt attaque Aragorn
2025-03-20 11:40:54,969 - INFO - Aragorn attaque Hawkeye
2025-03-20 11:40:57,476 - INFO - Gandalf attaque Geralt
2025-03-20 11:40:59,987 - INFO - Merlin attaque Gandalf
2025-03-20 11:41:02,497 - INFO - Début du round 0
2025-03-20 11:41:02,498 - INFO - Hawkeye attaque Gandalf
2025-03-20 11:41:05,007 - INFO - Legolas attaque Geralt
2025-03-20 11:41:07,515 - INFO - Geralt attaque Legolas
2025-03-20 11:41:10,026 - INFO - Aragorn attaque Geralt
2025-03-20 11:41:12,536 - INFO - Gandalf attaque Merlin
2025-03-20 11:41:15,044 - INFO - Merlin attaque Aragorn
2025-03-20 11:41:17,555 - INFO - Début du round 0
2025-03-20 11:41:17,555 - INFO - Hawkeye attaque Aragorn
2025-03-20 11:41:20,065 - INFO - Legolas attaque Geralt
2025-03-20 11:41:22,574 - INFO - Geralt attaque Legolas
2025-03-20 11:41:25,084 - INFO - Aragorn attaque Geralt
2025-03-20 11:41:29,205 - INFO - Gandalf attaque Hawkeye
2025-03-20 11:41:31,717 - INFO - Merlin attaque Legolas
2025-03-20 11:41:34,227 - INFO - Début du round 0
2025-03-20 11:41:34,227 - INFO - Hawkeye attaque Aragorn
2025-03-20 11:41:36,739 - INFO - Geralt attaque Aragorn
2025-03-20 11:41:39,248 - INFO - Aragorn attaque Geralt
2025-03-20 11:41:41,759 - INFO - Gandalf attaque Merlin
2025-03-20 11:41:44,268 - INFO - Merlin attaque Gandalf
2025-03-20 11:41:46,779 - INFO - Début du round 0
2025-03-20 11:41:46,779 - INFO - Hawkeye attaque Aragorn
2025-03-20 11:41:49,290 - INFO - Geralt attaque Gandalf
2025-03-20 11:41:51,799 - INFO - Aragorn attaque Hawkeye
2025-03-20 11:41:54,308 - INFO - Gandalf attaque Merlin
2025-03-20 11:41:56,818 - INFO - Merlin attaque Gandalf
2025-03-20 11:41:59,328 - INFO - Début du round 0
2025-03-20 11:41:59,328 - INFO - Hawkeye attaque Aragorn
2025-03-20 11:42:01,839 - INFO - Geralt attaque Aragorn
2025-03-20 11:42:04,349 - INFO - Aragorn attaque Merlin
2025-03-20 11:42:06,860 - INFO - Gandalf attaque Merlin
2025-03-20 11:42:09,371 - INFO - Merlin attaque Gandalf
2025-03-20 11:42:11,881 - INFO - Début du round 0
2025-03-20 11:42:11,881 - INFO - Hawkeye attaque Aragorn
2025-03-20 11:42:14,390 - INFO - Geralt attaque Gandalf
2025-03-20 11:42:16,899 - INFO - Aragorn attaque Geralt
2025-03-20 11:42:19,408 - INFO - Gandalf attaque Hawkeye
2025-03-20 11:42:21,917 - INFO - Merlin attaque Gandalf
2025-03-20 11:42:24,428 - INFO - Début du round 0
2025-03-20 11:42:24,428 - INFO - Hawkeye attaque Gandalf
2025-03-20 11:42:26,940 - INFO - Geralt attaque Aragorn
2025-03-20 11:42:29,450 - INFO - Aragorn attaque Merlin
2025-03-20 11:42:31,961 - INFO - Gandalf attaque Hawkeye
2025-03-20 11:42:34,472 - INFO - Merlin attaque Gandalf
2025-03-20 11:42:36,983 - INFO - Début du round 0
2025-03-20 11:42:36,983 - INFO - Hawkeye attaque Gandalf
2025-03-20 11:42:39,494 - INFO - Geralt attaque Gandalf
2025-03-20 11:42:42,004 - INFO - Aragorn attaque Merlin
2025-03-20 11:42:44,514 - INFO - Gandalf attaque Hawkeye
2025-03-20 11:42:47,027 - INFO - Merlin attaque Aragorn
2025-03-20 11:42:49,537 - INFO - Début du round 0
2025-03-20 11:42:49,537 - INFO - Hawkeye attaque Aragorn
2025-03-20 11:42:52,047 - INFO - Geralt attaque Aragorn
2025-03-20 11:42:54,557 - INFO - Aragorn attaque Geralt
2025-03-20 11:42:57,067 - INFO - Gandalf attaque Hawkeye
2025-03-20 11:42:59,576 - INFO - Merlin attaque Aragorn
2025-03-20 11:43:02,087 - INFO - Début du round 0
2025-03-20 11:43:02,087 - INFO - Hawkeye attaque Gandalf
2025-03-20 11:43:04,599 - INFO - Aragorn attaque Hawkeye
2025-03-20 11:43:07,106 - INFO - Gandalf attaque Hawkeye
2025-03-20 11:43:09,617 - INFO - Merlin attaque Gandalf
2025-03-20 11:43:12,126 - INFO - Début du round 0
2025-03-20 11:43:12,126 - INFO - Aragorn attaque Merlin
2025-03-20 11:43:14,637 - INFO - Gandalf attaque Merlin
2025-03-20 11:43:17,148 - INFO - Merlin attaque Gandalf
2025-03-20 11:43:19,657 - INFO - Début du round 0
2025-03-20 11:43:19,657 - INFO - Aragorn attaque Merlin
2025-03-20 11:43:22,168 - INFO - Gandalf attaque Merlin
2025-03-20 11:43:24,678 - INFO - Merlin attaque Aragorn
2025-03-20 11:43:27,189 - INFO - Début du round 0
2025-03-20 11:43:27,189 - INFO - Aragorn attaque Merlin
2025-03-20 11:43:29,699 - INFO - Gandalf attaque Merlin
2025-03-20 11:43:32,207 - INFO - Merlin attaque Aragorn
2025-03-20 11:43:34,717 - INFO - Début du round 0
2025-03-20 11:43:34,717 - INFO - Aragorn attaque Merlin
2025-03-20 11:43:37,229 - INFO - Gandalf attaque Merlin
2025-03-20 11:43:39,739 - INFO - Merlin attaque Aragorn
2025-03-20 11:43:42,247 - INFO - Début du round 0
2025-03-20 11:43:42,247 - INFO - Aragorn attaque Merlin
2025-03-20 11:43:44,759 - INFO - Gandalf attaque Merlin
2025-03-20 11:43:47,269 - INFO - Merlin attaque Gandalf
2025-03-20 11:43:49,778 - INFO - Début du round 0
2025-03-20 11:43:49,778 - INFO - Aragorn attaque Merlin
2025-03-20 11:43:52,288 - INFO - Gandalf attaque Merlin
2025-03-20 11:43:54,798 - INFO - Merlin attaque Gandalf
2025-03-20 11:43:57,307 - INFO - Début du round 0
2025-03-20 11:43:57,307 - INFO - Aragorn attaque Merlin
2025-03-20 11:43:59,818 - INFO - Gandalf attaque Merlin
2025-03-20 11:44:02,329 - INFO - Merlin attaque Gandalf
2025-03-20 11:44:04,840 - INFO - Début du round 0
2025-03-20 11:44:04,840 - INFO - Aragorn attaque Merlin
2025-03-20 11:44:07,352 - INFO - Gandalf attaque Merlin
2025-03-20 11:44:09,862 - INFO - Merlin attaque Aragorn
2025-03-20 11:44:12,373 - INFO - Début du round 0
2025-03-20 11:44:12,373 - INFO - Aragorn attaque Merlin
2025-03-20 11:44:14,881 - INFO - Gandalf attaque Merlin
2025-03-20 12:00:57,957 - INFO - Début du round 0
2025-03-20 12:00:57,957 - INFO - Hawkeye attaque Legolas
2025-03-20 12:01:00,175 - INFO - Legolas attaque Geralt
2025-03-20 12:01:02,397 - INFO - Geralt attaque Aragorn
2025-03-20 12:01:03,408 - INFO - Aragorn attaque Merlin
2025-03-20 12:01:06,033 - INFO - Gandalf attaque Hawkeye
2025-03-20 12:01:07,044 - INFO - Merlin attaque Aragorn
2025-03-20 12:01:09,062 - INFO - Début du round 0
2025-03-20 12:01:09,062 - INFO - Hawkeye attaque Aragorn
2025-03-20 12:01:11,281 - INFO - Legolas attaque Merlin
2025-03-20 12:01:12,293 - INFO - Geralt attaque Legolas
2025-03-20 12:01:13,302 - INFO - Aragorn attaque Merlin
2025-03-20 12:01:14,313 - INFO - Gandalf attaque Hawkeye
2025-03-20 12:01:15,320 - INFO - Merlin attaque Aragorn
2025-03-20 12:01:16,332 - INFO - Début du round 0
2025-03-20 12:01:16,332 - INFO - Hawkeye attaque Aragorn
2025-03-20 12:01:17,341 - INFO - Legolas attaque Hawkeye
2025-03-20 12:01:18,350 - INFO - Geralt attaque Legolas
2025-03-20 12:01:19,361 - INFO - Aragorn attaque Merlin
2025-03-20 12:01:20,372 - INFO - Gandalf attaque Hawkeye
2025-03-20 12:01:22,391 - INFO - Merlin attaque Legolas
2025-03-20 12:01:23,402 - INFO - Début du round 0
2025-03-20 12:01:23,402 - INFO - Hawkeye attaque Aragorn
2025-03-20 12:01:24,412 - INFO - Legolas attaque Merlin
2025-03-20 12:01:25,422 - INFO - Geralt attaque Gandalf
2025-03-20 12:01:26,432 - INFO - Aragorn attaque Merlin
2025-03-20 12:01:29,053 - INFO - Gandalf attaque Geralt
2025-03-20 12:01:31,271 - INFO - Merlin attaque Aragorn
2025-03-20 12:01:32,281 - INFO - Début du round 0
2025-03-20 12:01:32,281 - INFO - Hawkeye attaque Gandalf
2025-03-20 12:01:33,292 - INFO - Legolas attaque Hawkeye
2025-03-20 12:01:34,302 - INFO - Geralt attaque Aragorn
2025-03-20 12:01:35,312 - INFO - Aragorn attaque Hawkeye
2025-03-20 12:01:36,321 - INFO - Gandalf attaque Hawkeye
2025-03-20 12:01:37,332 - INFO - Merlin attaque Legolas
2025-03-20 12:01:38,341 - INFO - Début du round 0
2025-03-20 12:01:38,341 - INFO - Hawkeye attaque Gandalf
2025-03-20 12:01:39,352 - INFO - Legolas attaque Geralt
2025-03-20 12:01:40,362 - INFO - Geralt attaque Gandalf
2025-03-20 12:01:41,372 - INFO - Aragorn attaque Hawkeye
2025-03-20 12:01:42,381 - INFO - Gandalf attaque Merlin
2025-03-20 12:01:43,392 - INFO - Merlin attaque Legolas
2025-03-20 12:01:44,402 - INFO - Début du round 0
2025-03-20 12:01:44,402 - INFO - Hawkeye attaque Aragorn
2025-03-20 12:01:45,413 - INFO - Legolas attaque Hawkeye
2025-03-20 12:01:47,634 - INFO - Geralt attaque Legolas
2025-03-20 12:01:48,643 - INFO - Aragorn attaque Merlin
2025-03-20 12:01:49,654 - INFO - Gandalf attaque Hawkeye
2025-03-20 12:01:50,664 - INFO - Merlin attaque Aragorn
2025-03-20 12:01:52,885 - INFO - Début du round 0
2025-03-20 12:01:52,886 - INFO - Hawkeye attaque Gandalf
2025-03-20 12:01:53,894 - INFO - Legolas attaque Hawkeye
2025-03-20 12:01:54,904 - INFO - Geralt attaque Aragorn
2025-03-20 12:01:55,914 - INFO - Aragorn attaque Merlin
2025-03-20 12:01:56,924 - INFO - Gandalf attaque Geralt
2025-03-20 12:01:57,932 - INFO - Merlin attaque Gandalf
2025-03-20 12:01:58,943 - INFO - Début du round 0
2025-03-20 12:01:58,943 - INFO - Hawkeye attaque Legolas
2025-03-20 12:01:59,952 - INFO - Legolas attaque Geralt
2025-03-20 12:02:00,962 - INFO - Geralt attaque Legolas
2025-03-20 12:02:01,971 - INFO - Aragorn attaque Merlin
2025-03-20 12:02:02,981 - INFO - Gandalf attaque Hawkeye
2025-03-20 12:02:03,992 - INFO - Merlin attaque Gandalf
2025-03-20 12:02:05,002 - INFO - Début du round 0
2025-03-20 12:02:05,002 - INFO - Hawkeye attaque Aragorn
2025-03-20 12:02:06,010 - INFO - Geralt attaque Gandalf
2025-03-20 12:02:07,020 - INFO - Aragorn attaque Merlin
2025-03-20 12:02:08,031 - INFO - Gandalf attaque Geralt
2025-03-20 12:02:09,042 - INFO - Merlin attaque Gandalf
2025-03-20 12:02:10,052 - INFO - Début du round 0
2025-03-20 12:02:10,052 - INFO - Hawkeye attaque Aragorn
2025-03-20 12:02:11,061 - INFO - Geralt attaque Gandalf
2025-03-20 12:02:12,070 - INFO - Aragorn attaque Geralt
2025-03-20 12:02:13,080 - INFO - Gandalf attaque Merlin
2025-03-20 12:02:14,090 - INFO - Début du round 0
2025-03-20 12:02:14,090 - INFO - Hawkeye attaque Aragorn
2025-03-20 12:02:15,099 - INFO - Geralt attaque Gandalf
2025-03-20 12:02:16,109 - INFO - Aragorn attaque Geralt
2025-03-20 12:02:17,119 - INFO - Gandalf attaque Geralt
2025-03-20 12:02:18,130 - INFO - Début du round 0
2025-03-20 12:02:18,130 - INFO - Hawkeye attaque Gandalf
2025-03-20 12:02:19,139 - INFO - Geralt attaque Gandalf
2025-03-20 12:02:20,149 - INFO - Aragorn attaque Geralt
2025-03-20 12:02:21,158 - INFO - Gandalf attaque Hawkeye
2025-03-20 12:02:22,167 - INFO - Début du round 0
2025-03-20 12:02:22,167 - INFO - Hawkeye attaque Aragorn
2025-03-20 12:02:23,177 - INFO - Geralt attaque Gandalf
2025-03-20 12:02:24,185 - INFO - Aragorn attaque Hawkeye
2025-03-20 12:02:25,193 - INFO - Gandalf attaque Geralt
2025-03-20 12:02:26,203 - INFO - Début du round 0
2025-03-20 12:02:26,204 - INFO - Geralt attaque Gandalf
2025-03-20 12:02:27,213 - INFO - Aragorn attaque Geralt
2025-03-20 12:02:28,224 - INFO - Gandalf attaque Geralt
2025-03-20 12:02:29,235 - INFO - Début du round 0
2025-03-20 12:02:29,235 - INFO - Geralt attaque Aragorn
2025-03-20 12:02:30,246 - INFO - Aragorn attaque Geralt
2025-03-20 12:02:31,254 - INFO - Gandalf attaque Geralt
2025-03-20 12:02:32,265 - INFO - Début du round 0
2025-03-20 12:02:32,265 - INFO - Geralt attaque Aragorn
2025-03-20 12:02:33,275 - INFO - Aragorn attaque Geralt
2025-03-20 12:02:34,285 - INFO - Gandalf attaque Geralt
2025-03-20 12:02:35,295 - INFO - Début du round 0
2025-03-20 12:02:35,295 - INFO - Geralt attaque Gandalf
2025-03-20 12:02:36,305 - INFO - Aragorn attaque Geralt
2025-03-20 12:02:37,315 - INFO - Gandalf attaque Geralt
2025-03-20 12:02:38,325 - INFO - Début du round 0
2025-03-20 12:02:38,325 - INFO - Geralt attaque Aragorn
2025-03-20 12:02:39,336 - INFO - Aragorn attaque Geralt
2025-03-20 12:02:40,346 - INFO - Gandalf attaque Geralt
2025-03-20 12:02:41,357 - INFO - Début du round 0
2025-03-20 12:02:41,357 - INFO - Geralt attaque Aragorn
2025-03-20 12:02:42,367 - INFO - Aragorn attaque Geralt
2025-03-20 12:02:43,377 - INFO - Gandalf attaque Geralt
2025-03-20 12:02:44,387 - INFO - Début du round 0
2025-03-20 12:02:44,388 - INFO - Geralt attaque Gandalf
2025-03-20 12:02:45,398 - INFO - Aragorn attaque Geralt
2025-03-20 12:19:03,131 - INFO - Début du round 0
2025-03-20 12:19:03,139 - INFO - Hawkeye attaque Gandalf
2025-03-20 12:19:05,363 - INFO - Legolas attaque Hawkeye
2025-03-20 12:19:06,374 - INFO - Geralt attaque Aragorn
2025-03-20 12:19:07,389 - INFO - Aragorn attaque Merlin
2025-03-20 12:19:08,405 - INFO - Gandalf attaque Merlin
2025-03-20 12:19:09,425 - INFO - Merlin attaque Legolas
2025-03-20 12:19:11,667 - INFO - Début du round 0
2025-03-20 12:19:11,667 - INFO - Hawkeye attaque Gandalf
2025-03-20 12:19:13,891 - INFO - Legolas attaque Hawkeye
2025-03-20 12:19:14,901 - INFO - Geralt attaque Aragorn
2025-03-20 12:19:15,912 - INFO - Aragorn attaque Geralt
2025-03-20 12:19:18,544 - INFO - Gandalf attaque Hawkeye
2025-03-20 12:19:19,558 - INFO - Merlin attaque Aragorn
2025-03-20 12:19:20,568 - INFO - Début du round 0
2025-03-20 12:19:20,571 - INFO - Hawkeye attaque Legolas
2025-03-20 12:19:21,580 - INFO - Legolas attaque Hawkeye
2025-03-20 12:19:23,811 - INFO - Geralt attaque Gandalf
2025-03-20 12:19:24,821 - INFO - Aragorn attaque Geralt
2025-03-20 12:19:25,832 - INFO - Gandalf attaque Geralt
2025-03-20 12:19:28,055 - INFO - Merlin attaque Aragorn
2025-03-20 12:19:30,084 - INFO - Début du round 0
2025-03-20 12:19:30,084 - INFO - Hawkeye attaque Legolas
2025-03-20 12:19:31,092 - INFO - Legolas attaque Geralt
2025-03-20 12:19:32,107 - INFO - Geralt attaque Aragorn
2025-03-20 12:19:33,120 - INFO - Aragorn attaque Geralt
2025-03-20 12:19:34,146 - INFO - Gandalf attaque Hawkeye
2025-03-20 12:19:35,163 - INFO - Merlin attaque Legolas
2025-03-20 12:19:36,176 - INFO - Début du round 0
2025-03-20 12:19:36,176 - INFO - Hawkeye attaque Legolas
2025-03-20 12:19:37,184 - INFO - Legolas attaque Merlin
2025-03-20 12:19:38,196 - INFO - Geralt attaque Legolas
2025-03-20 12:19:39,205 - INFO - Aragorn attaque Hawkeye
2025-03-20 12:19:41,833 - INFO - Gandalf attaque Geralt
2025-03-20 12:19:43,854 - INFO - Merlin attaque Aragorn
2025-03-20 12:19:44,866 - INFO - Début du round 0
2025-03-20 12:19:44,866 - INFO - Hawkeye attaque Legolas
2025-03-20 12:19:45,876 - INFO - Legolas attaque Hawkeye
2025-03-20 12:19:46,887 - INFO - Geralt attaque Legolas
2025-03-20 12:19:47,899 - INFO - Aragorn attaque Hawkeye
2025-03-20 12:19:48,912 - INFO - Gandalf attaque Hawkeye
2025-03-20 12:19:49,922 - INFO - Merlin attaque Gandalf
2025-03-20 12:19:50,933 - INFO - Début du round 0
2025-03-20 12:19:50,933 - INFO - Hawkeye attaque Aragorn
2025-03-20 12:19:51,945 - INFO - Legolas attaque Geralt
2025-03-20 12:19:52,955 - INFO - Geralt attaque Legolas
2025-03-20 12:19:53,964 - INFO - Aragorn attaque Hawkeye
2025-03-20 12:19:54,975 - INFO - Gandalf attaque Geralt
2025-03-20 12:19:55,984 - INFO - Merlin attaque Aragorn
2025-03-20 12:19:56,997 - INFO - Début du round 0
2025-03-20 12:19:56,997 - INFO - Hawkeye attaque Aragorn
2025-03-20 12:19:58,013 - INFO - Legolas attaque Geralt
2025-03-20 12:19:59,023 - INFO - Geralt attaque Legolas
2025-03-20 12:20:00,034 - INFO - Aragorn attaque Geralt
2025-03-20 12:20:01,046 - INFO - Gandalf attaque Geralt
2025-03-20 12:20:02,062 - INFO - Merlin attaque Aragorn
2025-03-20 12:20:03,075 - INFO - Début du round 0
2025-03-20 12:20:03,075 - INFO - Hawkeye attaque Gandalf
2025-03-20 12:20:04,084 - INFO - Geralt attaque Gandalf
2025-03-20 12:20:05,095 - INFO - Aragorn attaque Merlin
2025-03-20 12:20:06,105 - INFO - Gandalf attaque Hawkeye
2025-03-20 12:20:07,115 - INFO - Merlin attaque Gandalf
2025-03-20 12:20:08,126 - INFO - Début du round 0
2025-03-20 12:20:08,127 - INFO - Hawkeye attaque Aragorn
2025-03-20 12:20:09,144 - INFO - Geralt attaque Gandalf
2025-03-20 12:20:10,158 - INFO - Aragorn attaque Hawkeye
2025-03-20 12:20:11,170 - INFO - Gandalf attaque Hawkeye
2025-03-20 12:20:12,180 - INFO - Merlin attaque Gandalf
2025-03-20 12:20:13,191 - INFO - Début du round 0
2025-03-20 12:20:13,191 - INFO - Hawkeye attaque Gandalf
2025-03-20 12:20:14,201 - INFO - Geralt attaque Aragorn
2025-03-20 12:20:15,211 - INFO - Aragorn attaque Hawkeye
2025-03-20 12:20:16,224 - INFO - Merlin attaque Aragorn
2025-03-20 12:20:17,235 - INFO - Début du round 0
2025-03-20 12:20:17,235 - INFO - Hawkeye attaque Aragorn
2025-03-20 12:20:18,247 - INFO - Geralt attaque Aragorn
2025-03-20 12:20:19,259 - INFO - Aragorn attaque Hawkeye
2025-03-20 12:20:20,270 - INFO - Merlin attaque Aragorn
2025-03-20 12:20:21,281 - INFO - Début du round 0
2025-03-20 12:20:21,281 - INFO - Hawkeye attaque Aragorn
2025-03-20 12:20:22,292 - INFO - Geralt attaque Aragorn
2025-03-20 12:20:23,304 - INFO - Aragorn attaque Merlin
2025-03-20 12:20:24,316 - INFO - Merlin attaque Aragorn
2025-03-20 12:20:25,331 - INFO - Début du round 0
2025-03-20 12:20:25,331 - INFO - Hawkeye attaque Aragorn
2025-03-20 12:20:26,343 - INFO - Geralt attaque Aragorn
2025-03-20 12:20:27,355 - INFO - Aragorn attaque Geralt
2025-03-20 12:20:28,363 - INFO - Merlin attaque Aragorn
2025-03-20 12:20:29,374 - INFO - Début du round 0
2025-03-20 12:20:29,377 - INFO - Hawkeye attaque Aragorn
2025-03-20 12:20:30,390 - INFO - Geralt attaque Aragorn
2025-03-20 12:20:31,405 - INFO - Aragorn attaque Merlin
2025-03-20 12:20:32,426 - INFO - Merlin attaque Aragorn
2025-03-20 12:20:33,439 - INFO - Début du round 0
2025-03-20 12:20:33,439 - INFO - Hawkeye attaque Aragorn
2025-03-20 12:20:34,447 - INFO - Geralt attaque Aragorn
2025-03-20 12:20:35,459 - INFO - Aragorn attaque Geralt
2025-03-20 12:20:36,471 - INFO - Merlin attaque Aragorn
2025-03-20 12:20:37,482 - INFO - Début du round 0
2025-03-20 12:20:37,482 - INFO - Hawkeye attaque Aragorn
2025-03-20 12:20:38,494 - INFO - Geralt attaque Aragorn
2025-03-20 12:20:39,501 - INFO - Aragorn attaque Geralt
2025-03-20 12:20:40,514 - INFO - Merlin attaque Aragorn
2025-03-20 12:20:41,527 - INFO - Début du round 0
2025-03-20 12:20:41,527 - INFO - Hawkeye attaque Aragorn
2025-03-20 12:20:42,540 - INFO - Geralt attaque Aragorn
2025-03-20 12:20:43,550 - INFO - Aragorn attaque Merlin
2025-03-20 12:20:44,562 - INFO - Merlin attaque Aragorn
2025-03-20 12:20:45,575 - INFO - Début du round 0
2025-03-20 12:20:45,575 - INFO - Hawkeye attaque Aragorn
2025-03-20 12:20:46,586 - INFO - Geralt attaque Aragorn
2025-03-20 12:20:47,599 - INFO - Aragorn attaque Geralt
2025-03-20 12:20:48,613 - INFO - Merlin attaque Aragorn
2025-03-20 12:20:49,624 - INFO - Début du round 0
2025-03-20 12:20:49,625 - INFO - Hawkeye attaque Aragorn
2025-03-20 12:20:50,635 - INFO - Geralt attaque Aragorn
2025-03-20 12:20:51,647 - INFO - Aragorn attaque Geralt
2025-03-20 12:20:52,660 - INFO - Merlin attaque Aragorn
2025-03-20 12:20:53,674 - INFO - Début du round 0
2025-03-20 12:20:53,675 - INFO - Hawkeye attaque Aragorn
2025-03-20 12:20:54,690 - INFO - Aragorn attaque Hawkeye
2025-03-20 12:20:55,703 - INFO - Merlin attaque Aragorn
2025-03-20 12:20:56,712 - INFO - Début du round 0
2025-03-20 12:20:56,712 - INFO - Hawkeye attaque Aragorn
2025-03-20 12:20:57,723 - INFO - Aragorn attaque Hawkeye
2025-03-20 12:20:58,734 - INFO - Merlin attaque Aragorn
2025-03-20 12:20:59,744 - INFO - Début du round 0
2025-03-20 12:20:59,744 - INFO - Aragorn attaque Merlin
2025-03-20 12:32:19,063 - INFO - Début du round 1
2025-03-20 12:32:19,066 - INFO - Hawkeye attaque Gandalf
2025-03-20 12:32:21,289 - INFO - Legolas attaque Geralt
2025-03-20 12:32:23,529 - INFO - Geralt attaque Legolas
2025-03-20 12:32:24,540 - INFO - Aragorn attaque Merlin
2025-03-20 12:32:25,545 - INFO - Gandalf attaque Geralt
2025-03-20 12:32:26,555 - INFO - Merlin attaque Legolas
2025-03-20 12:36:07,984 - INFO - Début du round 1
2025-03-20 12:36:07,984 - INFO - Hawkeye attaque Aragorn
2025-03-20 12:36:10,202 - INFO - Legolas attaque Geralt
2025-03-20 12:36:12,420 - INFO - Geralt attaque Aragorn
2025-03-20 12:36:13,425 - INFO - Aragorn attaque Hawkeye
2025-03-20 12:36:14,430 - INFO - Gandalf attaque Geralt
2025-03-20 12:36:15,436 - INFO - Merlin attaque Gandalf
2025-03-20 12:50:29,391 - INFO - Début du round 1
2025-03-20 12:50:29,395 - INFO - Hawkeye attaque Aragorn
2025-03-20 12:50:30,400 - INFO - Legolas attaque Hawkeye
2025-03-20 12:50:31,405 - INFO - Geralt attaque Aragorn
2025-03-20 12:50:32,408 - INFO - Aragorn attaque Merlin
2025-03-20 12:50:33,415 - INFO - Gandalf attaque Merlin
2025-03-20 12:50:34,422 - INFO - Merlin attaque Gandalf
2025-03-20 13:43:58,079 - INFO - Début du round 1
2025-03-20 13:43:58,081 - INFO - Hawkeye attaque Aragorn
2025-03-20 13:43:59,086 - INFO - Legolas attaque Hawkeye
2025-03-20 13:44:00,089 - INFO - Geralt attaque Aragorn
2025-03-20 13:44:01,092 - INFO - Aragorn attaque Hawkeye
2025-03-20 13:44:03,712 - INFO - Gandalf attaque Merlin
2025-03-20 13:44:04,719 - INFO - Merlin attaque Aragorn
2025-03-20 13:53:45,336 - INFO - Début du round 1
2025-03-20 13:53:45,336 - INFO - Hawkeye attaque Aragorn
2025-03-20 13:53:46,342 - INFO - Legolas attaque Geralt
2025-03-20 13:53:47,346 - INFO - Geralt attaque Gandalf
2025-03-20 13:53:48,351 - INFO - Aragorn attaque Merlin
2025-03-20 13:53:49,357 - INFO - Gandalf attaque Hawkeye
2025-03-20 13:53:50,363 - INFO - Merlin attaque Legolas
2025-03-20 14:31:52,280 - INFO - Début du round 1
2025-03-20 14:31:52,280 - INFO - Hawkeye attaque Aragorn
2025-03-20 14:31:53,286 - INFO - Legolas attaque Hawkeye
2025-03-20 14:31:55,505 - INFO - Geralt attaque Legolas
2025-03-20 14:31:56,508 - INFO - Aragorn attaque Geralt
2025-03-20 14:31:59,126 - INFO - Gandalf attaque Hawkeye
2025-03-20 14:32:01,137 - INFO - Merlin attaque Legolas
2025-03-20 14:35:54,317 - INFO - Début du round 1
2025-03-20 14:35:54,317 - INFO - Hawkeye attaque Gandalf
2025-03-20 14:35:57,532 - INFO - Legolas attaque Merlin
2025-03-20 14:35:59,535 - INFO - Geralt attaque Gandalf
2025-03-20 14:36:01,541 - INFO - Aragorn attaque Geralt
2025-03-20 14:36:05,160 - INFO - Gandalf attaque Merlin
2025-03-20 14:36:08,173 - INFO - Merlin attaque Aragorn
2025-03-20 14:50:29,588 - INFO - Début du round 1
2025-03-20 14:50:29,588 - INFO - Hawkeye attaque Gandalf
2025-03-20 14:50:30,602 - INFO - Legolas attaque Hawkeye
2025-03-20 14:50:31,609 - INFO - Geralt attaque Legolas
2025-03-20 14:50:32,615 - INFO - Aragorn attaque Merlin
2025-03-20 14:50:33,633 - INFO - Gandalf attaque Geralt
2025-03-20 14:50:34,645 - INFO - Merlin attaque Legolas
2025-03-20 14:54:10,157 - INFO - Début du round 1
2025-03-20 14:54:10,158 - INFO - Hawkeye attaque Aragorn
2025-03-20 14:54:11,164 - INFO - Legolas attaque Hawkeye
2025-03-20 14:54:12,168 - INFO - Geralt attaque Aragorn
2025-03-20 14:54:13,174 - INFO - Aragorn attaque Geralt
2025-03-20 14:54:14,189 - INFO - Gandalf attaque Merlin
2025-03-20 14:54:15,193 - INFO - Merlin attaque Gandalf
2025-03-20 14:58:42,070 - INFO - Début du round 1
2025-03-20 14:58:42,071 - INFO - Hawkeye attaque Aragorn
2025-03-20 14:58:43,077 - INFO - Legolas attaque Geralt
2025-03-20 14:58:44,092 - INFO - Geralt attaque Gandalf
2025-03-20 14:58:45,097 - INFO - Aragorn attaque Merlin
2025-03-20 14:58:46,104 - INFO - Gandalf attaque Merlin
2025-03-20 14:58:47,110 - INFO - Merlin attaque Aragorn
2025-03-20 15:05:22,928 - INFO - Début du round 1
2025-03-20 15:05:22,930 - INFO - Hawkeye attaque Legolas
2025-03-20 15:05:22,930 - ERROR - Erreur durant le tour: 'Ability' object has no attribute 'is_offensive'
2025-03-20 15:05:22,930 - ERROR - Erreur durant le round 1: 'Ability' object has no attribute 'is_offensive'
2025-03-20 15:20:11,315 - INFO - Hawkeye utilise Pluie de Flèches, cooldown défini à 3
2025-03-20 15:20:11,316 - ERROR - Erreur durant le tour: 'Ability' object has no attribute 'is_offensive'
2025-03-20 15:20:11,316 - ERROR - Erreur durant le round 1: 'Ability' object has no attribute 'is_offensive'
2025-03-20 15:21:35,064 - INFO - Hawkeye utilise Pluie de Flèches, cooldown défini à 3
2025-03-20 15:21:35,065 - ERROR - Erreur durant le tour: 'Ability' object has no attribute 'is_offensive'
2025-03-20 15:21:35,065 - ERROR - Erreur durant le round 1: 'Ability' object has no attribute 'is_offensive'
2025-03-20 15:22:34,878 - INFO - Hawkeye utilise Pluie de Flèches, cooldown défini à 3
2025-03-20 15:22:34,879 - ERROR - Erreur durant le tour: 'Ability' object has no attribute 'is_offensive'
2025-03-20 15:22:34,879 - ERROR - Erreur durant le round 1: 'Ability' object has no attribute 'is_offensive'
2025-03-20 15:34:04,141 - INFO - Début du round 1
2025-03-20 15:34:04,141 - INFO - Hawkeye attaque Aragorn
2025-03-20 15:34:06,147 - INFO - Legolas attaque Hawkeye
2025-03-20 15:34:08,155 - INFO - Geralt attaque Gandalf
2025-03-20 15:34:10,161 - INFO - Aragorn attaque Geralt
2025-03-20 15:34:12,165 - INFO - Gandalf attaque Hawkeye
2025-03-20 15:34:14,175 - INFO - Merlin attaque Gandalf
2025-03-20 15:34:16,186 - INFO - Début du round 2
2025-03-20 15:34:16,187 - INFO - Hawkeye attaque Gandalf
2025-03-20 15:34:18,197 - INFO - Legolas attaque Merlin
2025-03-20 15:34:20,204 - INFO - Geralt attaque Aragorn
2025-03-20 15:34:22,210 - INFO - Aragorn attaque Hawkeye
2025-03-20 15:34:24,215 - INFO - Gandalf attaque Merlin
2025-03-20 15:34:26,219 - INFO - Merlin attaque Gandalf
2025-03-20 15:37:20,019 - INFO - Début du round 1
2025-03-20 15:37:20,021 - INFO - Hawkeye attaque Gandalf
2025-03-20 15:37:21,026 - INFO - Legolas attaque Merlin
2025-03-20 15:37:22,032 - INFO - Geralt attaque Aragorn
2025-03-20 15:37:23,036 - INFO - Aragorn attaque Merlin
2025-03-20 15:37:24,044 - INFO - Gandalf attaque Hawkeye
2025-03-20 15:37:25,052 - INFO - Merlin attaque Aragorn
2025-03-20 15:56:21,742 - INFO - Début du round 1
2025-03-20 15:56:21,743 - INFO - Hawkeye attaque Aragorn
2025-03-20 15:56:21,743 - ERROR - Erreur durant le round 1: 'Character' object has no attribute 'update_cooldowns'
2025-03-20 15:57:19,449 - INFO - Début du round 1
2025-03-20 15:57:19,450 - INFO - Hawkeye attaque Aragorn
2025-03-20 15:57:19,454 - INFO - Legolas attaque Geralt
2025-03-20 15:57:19,459 - INFO - Geralt attaque Gandalf
2025-03-20 15:57:19,468 - INFO - Aragorn attaque Geralt
2025-03-20 15:57:19,473 - INFO - Gandalf attaque Geralt
2025-03-20 15:57:19,477 - INFO - Merlin attaque Gandalf
2025-03-20 16:00:05,352 - INFO - Début du round 1
2025-03-20 16:00:05,352 - INFO - Hawkeye attaque Legolas
2025-03-20 16:00:06,361 - INFO - Legolas attaque Hawkeye
2025-03-20 16:00:07,369 - INFO - Geralt attaque Legolas
2025-03-20 16:00:08,373 - INFO - Aragorn attaque Geralt
2025-03-20 16:00:09,378 - INFO - Gandalf attaque Hawkeye
2025-03-20 16:00:10,386 - INFO - Merlin attaque Aragorn
